<?xml version="1.0" encoding="UTF-8"?>
<!-- Generated by org.testng.reporters.JUnitReportReporter -->
<testsuite skipped="0" hostname="raul-dev" name="LoginTest02" tests="2" failures="0" timestamp="11 jul 2018 20:02:19 GMT" time="6.342" errors="0">
  <testcase name="f" time="0.007" classname="LoginTest02"/>
  <testcase name="verifyLogin" time="6.335" classname="LoginTest02"/>
</testsuite> <!-- LoginTest02 -->
