<?xml version="1.0" encoding="UTF-8"?>
<!-- Generated by org.testng.reporters.JUnitReportReporter -->
<testsuite skipped="0" hostname="raul-dev" name="LoginTest02" tests="2" failures="0" timestamp="11 jul 2018 19:58:01 GMT" time="38.253" errors="0">
  <testcase name="verifyLogin" time="38.229" classname="LoginTest02"/>
  <testcase name="f" time="0.024" classname="LoginTest02"/>
</testsuite> <!-- LoginTest02 -->
